0 info it worked if it ends with ok
1 verbose cli [ '/Users/philnguyen/.nvm/versions/node/v4.2.3/bin/node',
1 verbose cli   '/Users/philnguyen/.nvm/versions/node/v4.2.3/bin/npm',
1 verbose cli   'i' ]
2 info using npm@2.14.7
3 info using node@v4.2.3
4 verbose readDependencies loading dependencies from /Users/philnguyen/Desktop/Web/uTravel/travel_v2/package.json
5 warn package.json travel_v2@1.0.0 Normalized value of bugs field is an empty object. Deleted.
6 verbose install where, deps [ '/Users/philnguyen/Desktop/Web/uTravel/travel_v2',
6 verbose install   [ 'angular-google-maps',
6 verbose install     'bcrypt',
6 verbose install     'body-parser',
6 verbose install     'express',
6 verbose install     'jsonwebtoken',
6 verbose install     'mongoose',
6 verbose install     'superagent',
6 verbose install     'angular',
6 verbose install     'angular-mocks',
6 verbose install     'angular-route',
6 verbose install     'async',
6 verbose install     'babel-core',
6 verbose install     'chai',
6 verbose install     'chai-http',
6 verbose install     'gulp',
6 verbose install     'gulp-angular-protractor',
6 verbose install     'gulp-clean-css',
6 verbose install     'gulp-eslint',
6 verbose install     'gulp-minify',
6 verbose install     'gulp-minify-css',
6 verbose install     'gulp-mocha',
6 verbose install     'gulp-sass',
6 verbose install     'gulp-sourcemaps',
6 verbose install     'html-loader',
6 verbose install     'jasmine-core',
6 verbose install     'karma',
6 verbose install     'karma-chrome-launcher',
6 verbose install     'karma-jasmine',
6 verbose install     'karma-mocha-reporter',
6 verbose install     'stampit',
6 verbose install     'webpack',
6 verbose install     'webpack-stream',
6 verbose install     'yelp' ] ]
7 verbose install where, peers [ '/Users/philnguyen/Desktop/Web/uTravel/travel_v2', [] ]
8 verbose installManyTop reading for lifecycle /Users/philnguyen/Desktop/Web/uTravel/travel_v2/package.json
9 info preinstall travel_v2@1.0.0
10 verbose installManyTop reading scoped package data from /Users/philnguyen/Desktop/Web/uTravel/travel_v2/node_modules/angular/package.json
11 verbose installManyTop reading scoped package data from /Users/philnguyen/Desktop/Web/uTravel/travel_v2/node_modules/angular-google-maps/package.json
12 verbose installManyTop reading scoped package data from /Users/philnguyen/Desktop/Web/uTravel/travel_v2/node_modules/angular-mocks/package.json
13 verbose installManyTop reading scoped package data from /Users/philnguyen/Desktop/Web/uTravel/travel_v2/node_modules/angular-route/package.json
14 verbose installManyTop reading scoped package data from /Users/philnguyen/Desktop/Web/uTravel/travel_v2/node_modules/async/package.json
15 verbose installManyTop reading scoped package data from /Users/philnguyen/Desktop/Web/uTravel/travel_v2/node_modules/babel-core/package.json
16 verbose installManyTop reading scoped package data from /Users/philnguyen/Desktop/Web/uTravel/travel_v2/node_modules/bcrypt/package.json
17 verbose installManyTop reading scoped package data from /Users/philnguyen/Desktop/Web/uTravel/travel_v2/node_modules/body-parser/package.json
18 verbose installManyTop reading scoped package data from /Users/philnguyen/Desktop/Web/uTravel/travel_v2/node_modules/chai/package.json
19 verbose installManyTop reading scoped package data from /Users/philnguyen/Desktop/Web/uTravel/travel_v2/node_modules/chai-http/package.json
20 verbose installManyTop reading scoped package data from /Users/philnguyen/Desktop/Web/uTravel/travel_v2/node_modules/express/package.json
21 verbose installManyTop reading scoped package data from /Users/philnguyen/Desktop/Web/uTravel/travel_v2/node_modules/gulp/package.json
22 verbose installManyTop reading scoped package data from /Users/philnguyen/Desktop/Web/uTravel/travel_v2/node_modules/gulp-angular-protractor/package.json
23 verbose installManyTop reading scoped package data from /Users/philnguyen/Desktop/Web/uTravel/travel_v2/node_modules/gulp-clean-css/package.json
24 verbose installManyTop reading scoped package data from /Users/philnguyen/Desktop/Web/uTravel/travel_v2/node_modules/gulp-eslint/package.json
25 verbose installManyTop reading scoped package data from /Users/philnguyen/Desktop/Web/uTravel/travel_v2/node_modules/gulp-minify/package.json
26 verbose installManyTop reading scoped package data from /Users/philnguyen/Desktop/Web/uTravel/travel_v2/node_modules/gulp-minify-css/package.json
27 verbose installManyTop reading scoped package data from /Users/philnguyen/Desktop/Web/uTravel/travel_v2/node_modules/gulp-mocha/package.json
28 verbose installManyTop reading scoped package data from /Users/philnguyen/Desktop/Web/uTravel/travel_v2/node_modules/gulp-sass/package.json
29 verbose installManyTop reading scoped package data from /Users/philnguyen/Desktop/Web/uTravel/travel_v2/node_modules/gulp-sourcemaps/package.json
30 verbose installManyTop reading scoped package data from /Users/philnguyen/Desktop/Web/uTravel/travel_v2/node_modules/html-loader/package.json
31 verbose installManyTop reading scoped package data from /Users/philnguyen/Desktop/Web/uTravel/travel_v2/node_modules/jasmine-core/package.json
32 verbose installManyTop reading scoped package data from /Users/philnguyen/Desktop/Web/uTravel/travel_v2/node_modules/jsonwebtoken/package.json
33 verbose installManyTop reading scoped package data from /Users/philnguyen/Desktop/Web/uTravel/travel_v2/node_modules/karma/package.json
34 verbose installManyTop reading scoped package data from /Users/philnguyen/Desktop/Web/uTravel/travel_v2/node_modules/karma-chrome-launcher/package.json
35 verbose installManyTop reading scoped package data from /Users/philnguyen/Desktop/Web/uTravel/travel_v2/node_modules/karma-jasmine/package.json
36 verbose installManyTop reading scoped package data from /Users/philnguyen/Desktop/Web/uTravel/travel_v2/node_modules/karma-mocha-reporter/package.json
37 verbose installManyTop reading scoped package data from /Users/philnguyen/Desktop/Web/uTravel/travel_v2/node_modules/mongoose/package.json
38 verbose installManyTop reading scoped package data from /Users/philnguyen/Desktop/Web/uTravel/travel_v2/node_modules/stampit/package.json
39 verbose installManyTop reading scoped package data from /Users/philnguyen/Desktop/Web/uTravel/travel_v2/node_modules/superagent/package.json
40 verbose installManyTop reading scoped package data from /Users/philnguyen/Desktop/Web/uTravel/travel_v2/node_modules/webpack/package.json
41 verbose installManyTop reading scoped package data from /Users/philnguyen/Desktop/Web/uTravel/travel_v2/node_modules/webpack-stream/package.json
42 info package.json chai-http@2.0.1 No license field.
43 info package.json gulp-minify-css@1.2.4 No repository field.
44 info package.json html-loader@0.4.3 No license field.
45 verbose readDependencies loading dependencies from /Users/philnguyen/Desktop/Web/uTravel/travel_v2/package.json
46 verbose targetResolver reading package data from /Users/philnguyen/Desktop/Web/uTravel/travel_v2/node_modules/angular/package.json
47 verbose targetResolver reading package data from /Users/philnguyen/Desktop/Web/uTravel/travel_v2/node_modules/angular-google-maps/package.json
48 verbose targetResolver reading package data from /Users/philnguyen/Desktop/Web/uTravel/travel_v2/node_modules/angular-mocks/package.json
49 verbose targetResolver reading package data from /Users/philnguyen/Desktop/Web/uTravel/travel_v2/node_modules/angular-route/package.json
50 verbose targetResolver reading package data from /Users/philnguyen/Desktop/Web/uTravel/travel_v2/node_modules/async/package.json
51 verbose targetResolver reading package data from /Users/philnguyen/Desktop/Web/uTravel/travel_v2/node_modules/babel-core/package.json
52 verbose targetResolver reading package data from /Users/philnguyen/Desktop/Web/uTravel/travel_v2/node_modules/bcrypt/package.json
53 verbose targetResolver reading package data from /Users/philnguyen/Desktop/Web/uTravel/travel_v2/node_modules/body-parser/package.json
54 verbose targetResolver reading package data from /Users/philnguyen/Desktop/Web/uTravel/travel_v2/node_modules/chai/package.json
55 verbose targetResolver reading package data from /Users/philnguyen/Desktop/Web/uTravel/travel_v2/node_modules/chai-http/package.json
56 verbose targetResolver reading package data from /Users/philnguyen/Desktop/Web/uTravel/travel_v2/node_modules/express/package.json
57 verbose targetResolver reading package data from /Users/philnguyen/Desktop/Web/uTravel/travel_v2/node_modules/gulp/package.json
58 verbose targetResolver reading package data from /Users/philnguyen/Desktop/Web/uTravel/travel_v2/node_modules/gulp-angular-protractor/package.json
59 verbose targetResolver reading package data from /Users/philnguyen/Desktop/Web/uTravel/travel_v2/node_modules/gulp-clean-css/package.json
60 verbose targetResolver reading package data from /Users/philnguyen/Desktop/Web/uTravel/travel_v2/node_modules/gulp-eslint/package.json
61 verbose targetResolver reading package data from /Users/philnguyen/Desktop/Web/uTravel/travel_v2/node_modules/gulp-minify/package.json
62 verbose targetResolver reading package data from /Users/philnguyen/Desktop/Web/uTravel/travel_v2/node_modules/gulp-minify-css/package.json
63 verbose targetResolver reading package data from /Users/philnguyen/Desktop/Web/uTravel/travel_v2/node_modules/gulp-mocha/package.json
64 verbose targetResolver reading package data from /Users/philnguyen/Desktop/Web/uTravel/travel_v2/node_modules/gulp-sass/package.json
65 verbose targetResolver reading package data from /Users/philnguyen/Desktop/Web/uTravel/travel_v2/node_modules/gulp-sourcemaps/package.json
66 verbose targetResolver reading package data from /Users/philnguyen/Desktop/Web/uTravel/travel_v2/node_modules/html-loader/package.json
67 verbose targetResolver reading package data from /Users/philnguyen/Desktop/Web/uTravel/travel_v2/node_modules/jasmine-core/package.json
68 verbose targetResolver reading package data from /Users/philnguyen/Desktop/Web/uTravel/travel_v2/node_modules/jsonwebtoken/package.json
69 verbose targetResolver reading package data from /Users/philnguyen/Desktop/Web/uTravel/travel_v2/node_modules/karma/package.json
70 verbose targetResolver reading package data from /Users/philnguyen/Desktop/Web/uTravel/travel_v2/node_modules/karma-chrome-launcher/package.json
71 verbose targetResolver reading package data from /Users/philnguyen/Desktop/Web/uTravel/travel_v2/node_modules/karma-jasmine/package.json
72 verbose targetResolver reading package data from /Users/philnguyen/Desktop/Web/uTravel/travel_v2/node_modules/karma-mocha-reporter/package.json
73 verbose targetResolver reading package data from /Users/philnguyen/Desktop/Web/uTravel/travel_v2/node_modules/mongoose/package.json
74 verbose targetResolver reading package data from /Users/philnguyen/Desktop/Web/uTravel/travel_v2/node_modules/stampit/package.json
75 verbose targetResolver reading package data from /Users/philnguyen/Desktop/Web/uTravel/travel_v2/node_modules/superagent/package.json
76 verbose targetResolver reading package data from /Users/philnguyen/Desktop/Web/uTravel/travel_v2/node_modules/webpack/package.json
77 verbose targetResolver reading package data from /Users/philnguyen/Desktop/Web/uTravel/travel_v2/node_modules/webpack-stream/package.json
78 verbose targetResolver reading package data from /Users/philnguyen/Desktop/Web/uTravel/travel_v2/node_modules/.bin/gulp/package.json
79 verbose targetResolver reading package data from /Users/philnguyen/Desktop/Web/uTravel/travel_v2/node_modules/.bin/karma/package.json
80 verbose targetResolver reading package data from /Users/philnguyen/Desktop/Web/uTravel/travel_v2/node_modules/.bin/webpack/package.json
81 verbose already installed skipping express@^4.13.4 /Users/philnguyen/Desktop/Web/uTravel/travel_v2
82 verbose already installed skipping jsonwebtoken@^7.0.0 /Users/philnguyen/Desktop/Web/uTravel/travel_v2
83 verbose already installed skipping mongoose@^4.4.19 /Users/philnguyen/Desktop/Web/uTravel/travel_v2
84 verbose already installed skipping superagent@^2.0.0 /Users/philnguyen/Desktop/Web/uTravel/travel_v2
85 verbose already installed skipping angular@^1.5.6 /Users/philnguyen/Desktop/Web/uTravel/travel_v2
86 verbose already installed skipping angular-mocks@^1.5.6 /Users/philnguyen/Desktop/Web/uTravel/travel_v2
87 verbose already installed skipping angular-route@^1.5.6 /Users/philnguyen/Desktop/Web/uTravel/travel_v2
88 verbose already installed skipping async@^1.5.2 /Users/philnguyen/Desktop/Web/uTravel/travel_v2
89 verbose already installed skipping babel-core@^6.9.1 /Users/philnguyen/Desktop/Web/uTravel/travel_v2
90 verbose already installed skipping chai@^3.5.0 /Users/philnguyen/Desktop/Web/uTravel/travel_v2
91 verbose already installed skipping chai-http@^2.0.1 /Users/philnguyen/Desktop/Web/uTravel/travel_v2
92 verbose already installed skipping gulp@^3.9.1 /Users/philnguyen/Desktop/Web/uTravel/travel_v2
93 verbose already installed skipping gulp-angular-protractor@^0.1.1 /Users/philnguyen/Desktop/Web/uTravel/travel_v2
94 verbose already installed skipping gulp-clean-css@^2.0.9 /Users/philnguyen/Desktop/Web/uTravel/travel_v2
95 verbose already installed skipping gulp-eslint@^2.0.0 /Users/philnguyen/Desktop/Web/uTravel/travel_v2
96 verbose already installed skipping gulp-minify@0.0.12 /Users/philnguyen/Desktop/Web/uTravel/travel_v2
97 verbose already installed skipping gulp-minify-css@^1.2.4 /Users/philnguyen/Desktop/Web/uTravel/travel_v2
98 verbose already installed skipping gulp-mocha@^2.2.0 /Users/philnguyen/Desktop/Web/uTravel/travel_v2
99 verbose already installed skipping gulp-sass@^2.3.1 /Users/philnguyen/Desktop/Web/uTravel/travel_v2
100 verbose already installed skipping gulp-sourcemaps@^1.6.0 /Users/philnguyen/Desktop/Web/uTravel/travel_v2
101 verbose already installed skipping html-loader@^0.4.3 /Users/philnguyen/Desktop/Web/uTravel/travel_v2
102 verbose already installed skipping jasmine-core@^2.4.1 /Users/philnguyen/Desktop/Web/uTravel/travel_v2
103 verbose already installed skipping karma@^0.13.22 /Users/philnguyen/Desktop/Web/uTravel/travel_v2
104 verbose already installed skipping karma-chrome-launcher@^1.0.1 /Users/philnguyen/Desktop/Web/uTravel/travel_v2
105 verbose already installed skipping karma-jasmine@^1.0.2 /Users/philnguyen/Desktop/Web/uTravel/travel_v2
106 verbose already installed skipping karma-mocha-reporter@^2.0.3 /Users/philnguyen/Desktop/Web/uTravel/travel_v2
107 verbose already installed skipping stampit@^2.1.1 /Users/philnguyen/Desktop/Web/uTravel/travel_v2
108 verbose already installed skipping webpack@^1.13.1 /Users/philnguyen/Desktop/Web/uTravel/travel_v2
109 verbose already installed skipping webpack-stream@^3.2.0 /Users/philnguyen/Desktop/Web/uTravel/travel_v2
110 silly cache add args [ 'yelp@^1.0.1', null ]
111 verbose cache add spec yelp@^1.0.1
112 silly cache add parsed spec Result {
112 silly cache add   raw: 'yelp@^1.0.1',
112 silly cache add   scope: null,
112 silly cache add   name: 'yelp',
112 silly cache add   rawSpec: '^1.0.1',
112 silly cache add   spec: '>=1.0.1 <2.0.0',
112 silly cache add   type: 'range' }
113 silly addNamed yelp@>=1.0.1 <2.0.0
114 verbose addNamed ">=1.0.1 <2.0.0" is a valid semver range for yelp
115 silly addNameRange { name: 'yelp', range: '>=1.0.1 <2.0.0', hasData: false }
116 silly mapToRegistry name yelp
117 silly mapToRegistry using default registry
118 silly mapToRegistry registry https://registry.npmjs.org/
119 silly mapToRegistry uri https://registry.npmjs.org/yelp
120 verbose addNameRange registry:https://registry.npmjs.org/yelp not in flight; fetching
121 verbose already installed skipping angular-google-maps@^2.3.3 /Users/philnguyen/Desktop/Web/uTravel/travel_v2
122 verbose already installed skipping bcrypt@^0.8.6 /Users/philnguyen/Desktop/Web/uTravel/travel_v2
123 verbose already installed skipping body-parser@^1.15.1 /Users/philnguyen/Desktop/Web/uTravel/travel_v2
124 verbose request uri https://registry.npmjs.org/yelp
125 verbose request no auth needed
126 info attempt registry request try #1 at 9:24:00 PM
127 verbose request id c65ee9710ee155fc
128 verbose etag "A9TPEN747M0INBB752YVQNZ7W"
129 http request GET https://registry.npmjs.org/yelp
130 http 304 https://registry.npmjs.org/yelp
131 verbose headers { date: 'Mon, 11 Jul 2016 04:24:00 GMT',
131 verbose headers   via: '1.1 varnish',
131 verbose headers   'cache-control': 'max-age=300',
131 verbose headers   etag: '"A9TPEN747M0INBB752YVQNZ7W"',
131 verbose headers   age: '0',
131 verbose headers   connection: 'keep-alive',
131 verbose headers   'x-served-by': 'cache-sjc3125-SJC',
131 verbose headers   'x-cache': 'MISS',
131 verbose headers   'x-cache-hits': '0',
131 verbose headers   'x-timer': 'S1468211040.227364,VS0,VE98',
131 verbose headers   vary: 'Accept-Encoding' }
132 silly get cb [ 304,
132 silly get   { date: 'Mon, 11 Jul 2016 04:24:00 GMT',
132 silly get     via: '1.1 varnish',
132 silly get     'cache-control': 'max-age=300',
132 silly get     etag: '"A9TPEN747M0INBB752YVQNZ7W"',
132 silly get     age: '0',
132 silly get     connection: 'keep-alive',
132 silly get     'x-served-by': 'cache-sjc3125-SJC',
132 silly get     'x-cache': 'MISS',
132 silly get     'x-cache-hits': '0',
132 silly get     'x-timer': 'S1468211040.227364,VS0,VE98',
132 silly get     vary: 'Accept-Encoding' } ]
133 verbose etag https://registry.npmjs.org/yelp from cache
134 verbose get saving yelp to /Users/philnguyen/.npm/registry.npmjs.org/yelp/.cache.json
135 silly addNameRange number 2 { name: 'yelp', range: '>=1.0.1 <2.0.0', hasData: true }
136 silly addNameRange versions [ 'yelp', [ '0.1.0', '0.1.1', '0.2.0', '1.0.0', '1.0.1' ] ]
137 silly addNamed yelp@1.0.1
138 verbose addNamed "1.0.1" is a plain semver version for yelp
139 silly cache afterAdd yelp@1.0.1
140 verbose afterAdd /Users/philnguyen/.npm/yelp/1.0.1/package/package.json not in flight; writing
141 verbose afterAdd /Users/philnguyen/.npm/yelp/1.0.1/package/package.json written
142 silly install resolved [ { name: 'yelp',
142 silly install resolved     description: 'Library for interfacing with Yelp\'s API v2.0.',
142 silly install resolved     version: '1.0.1',
142 silly install resolved     main: './index.js',
142 silly install resolved     scripts:
142 silly install resolved      { lint: 'eslint ./src ./test',
142 silly install resolved        build: 'babel ./src --out-dir ./lib --copy-files',
142 silly install resolved        clean: 'rimraf ./lib',
142 silly install resolved        pretest: 'npm run lint',
142 silly install resolved        test: 'babel-node test/*.js',
142 silly install resolved        preversion: 'npm test',
142 silly install resolved        'version:auto': 'npm version $(conventional-recommended-bump --preset=angular)',
142 silly install resolved        postversion: 'git push --tags && git push',
142 silly install resolved        release: 'npm run version:auto && npm publish',
142 silly install resolved        prepublish: 'npm run build' },
142 silly install resolved     engines: { node: '> 0.8' },
142 silly install resolved     author:
142 silly install resolved      { name: 'Olivier Lalonde',
142 silly install resolved        email: 'olalonde@gmail.com',
142 silly install resolved        url: 'http://www.syskall.com/' },
142 silly install resolved     repository:
142 silly install resolved      { type: 'git',
142 silly install resolved        url: 'git+https://github.com/olalonde/node-yelp.git' },
142 silly install resolved     homepage: 'https://github.com/olalonde/node-yelp',
142 silly install resolved     dependencies: { oauth: '>=0.9.0 <1.0.0' },
142 silly install resolved     license: 'MIT',
142 silly install resolved     devDependencies:
142 silly install resolved      { 'babel-cli': '^6.1.18',
142 silly install resolved        'babel-eslint': '^4.1.5',
142 silly install resolved        'babel-preset-es2015': '^6.1.18',
142 silly install resolved        'blue-tape': '^0.1.10',
142 silly install resolved        'conventional-recommended-bump': '0.0.3',
142 silly install resolved        'cz-conventional-changelog': '^1.1.4',
142 silly install resolved        eslint: '^1.9.0',
142 silly install resolved        'eslint-config-airbnb': '^1.0.0',
142 silly install resolved        rimraf: '^2.4.3' },
142 silly install resolved     config: { commitizen: [Object] },
142 silly install resolved     gitHead: 'ba245939bebb23f4dd8e327c58d8cbbc7f885113',
142 silly install resolved     bugs: { url: 'https://github.com/olalonde/node-yelp/issues' },
142 silly install resolved     _id: 'yelp@1.0.1',
142 silly install resolved     _shasum: '94ec7f7ae162a5394aaa22cd631971b82828a7ae',
142 silly install resolved     _from: 'yelp@>=1.0.1 <2.0.0',
142 silly install resolved     _npmVersion: '2.11.3',
142 silly install resolved     _nodeVersion: '0.12.7',
142 silly install resolved     _npmUser: { name: 'olalonde', email: 'olalonde@gmail.com' },
142 silly install resolved     dist:
142 silly install resolved      { shasum: '94ec7f7ae162a5394aaa22cd631971b82828a7ae',
142 silly install resolved        tarball: 'http://registry.npmjs.org/yelp/-/yelp-1.0.1.tgz' },
142 silly install resolved     maintainers: [ [Object] ],
142 silly install resolved     directories: {},
142 silly install resolved     _resolved: 'https://registry.npmjs.org/yelp/-/yelp-1.0.1.tgz',
142 silly install resolved     readme: 'ERROR: No README data found!' } ]
143 info install yelp@1.0.1 into /Users/philnguyen/Desktop/Web/uTravel/travel_v2
144 info installOne yelp@1.0.1
145 verbose installOne of yelp to /Users/philnguyen/Desktop/Web/uTravel/travel_v2 not in flight; installing
146 verbose lock using /Users/philnguyen/.npm/_locks/yelp-7665bf99e68ceec4.lock for /Users/philnguyen/Desktop/Web/uTravel/travel_v2/node_modules/yelp
147 silly install write writing yelp 1.0.1 to /Users/philnguyen/Desktop/Web/uTravel/travel_v2/node_modules/yelp
148 verbose unbuild node_modules/yelp
149 silly gentlyRm /Users/philnguyen/Desktop/Web/uTravel/travel_v2/node_modules/yelp is being purged from base /Users/philnguyen/Desktop/Web/uTravel/travel_v2
150 verbose gentlyRm don't care about contents; nuking /Users/philnguyen/Desktop/Web/uTravel/travel_v2/node_modules/yelp
151 verbose tar unpack /Users/philnguyen/.npm/yelp/1.0.1/package.tgz
152 verbose tar unpacking to /Users/philnguyen/Desktop/Web/uTravel/travel_v2/node_modules/yelp
153 silly gentlyRm /Users/philnguyen/Desktop/Web/uTravel/travel_v2/node_modules/yelp is being purged
154 verbose gentlyRm don't care about contents; nuking /Users/philnguyen/Desktop/Web/uTravel/travel_v2/node_modules/yelp
155 silly gunzTarPerm modes [ '755', '644' ]
156 silly gunzTarPerm extractEntry package.json
157 silly gunzTarPerm extractEntry .npmignore
158 silly gunzTarPerm extractEntry README.md
159 silly gunzTarPerm extractEntry LICENSE
160 silly gunzTarPerm extractEntry index.js
161 silly gunzTarPerm extractEntry .travis.yml
162 silly gunzTarPerm extractEntry .eslintrc
163 silly gunzTarPerm extractEntry lib/index.js
164 silly gunzTarPerm extractEntry .babelrc
165 silly gunzTarPerm extractEntry test/index.js
166 verbose write writing to /Users/philnguyen/Desktop/Web/uTravel/travel_v2/node_modules/yelp/package.json
167 info preinstall yelp@1.0.1
168 verbose readDependencies loading dependencies from /Users/philnguyen/Desktop/Web/uTravel/travel_v2/node_modules/yelp/package.json
169 silly prepareForInstallMany adding oauth@>=0.9.0 <1.0.0 from yelp dependencies
170 verbose readDependencies loading dependencies from /Users/philnguyen/Desktop/Web/uTravel/travel_v2/node_modules/yelp/package.json
171 silly cache add args [ 'oauth@>=0.9.0 <1.0.0', null ]
172 verbose cache add spec oauth@>=0.9.0 <1.0.0
173 silly cache add parsed spec Result {
173 silly cache add   raw: 'oauth@>=0.9.0 <1.0.0',
173 silly cache add   scope: null,
173 silly cache add   name: 'oauth',
173 silly cache add   rawSpec: '>=0.9.0 <1.0.0',
173 silly cache add   spec: '>=0.9.0 <1.0.0',
173 silly cache add   type: 'range' }
174 silly addNamed oauth@>=0.9.0 <1.0.0
175 verbose addNamed ">=0.9.0 <1.0.0" is a valid semver range for oauth
176 silly addNameRange { name: 'oauth', range: '>=0.9.0 <1.0.0', hasData: false }
177 silly mapToRegistry name oauth
178 silly mapToRegistry using default registry
179 silly mapToRegistry registry https://registry.npmjs.org/
180 silly mapToRegistry uri https://registry.npmjs.org/oauth
181 verbose addNameRange registry:https://registry.npmjs.org/oauth not in flight; fetching
182 verbose request uri https://registry.npmjs.org/oauth
183 verbose request no auth needed
184 info attempt registry request try #1 at 9:24:00 PM
185 verbose etag "1C1SO2Q59E6LWRY0MBHISPY8Y"
186 http request GET https://registry.npmjs.org/oauth
187 http 200 https://registry.npmjs.org/oauth
188 verbose headers { server: 'CouchDB/1.5.0 (Erlang OTP/R16B03)',
188 verbose headers   etag: '"88CJASVEBP8R2ZGZ1PIWHND25"',
188 verbose headers   'content-type': 'application/json',
188 verbose headers   'content-encoding': 'gzip',
188 verbose headers   'cache-control': 'max-age=300',
188 verbose headers   'content-length': '7332',
188 verbose headers   'accept-ranges': 'bytes',
188 verbose headers   date: 'Mon, 11 Jul 2016 04:24:00 GMT',
188 verbose headers   via: '1.1 varnish',
188 verbose headers   age: '0',
188 verbose headers   connection: 'keep-alive',
188 verbose headers   'x-served-by': 'cache-sjc3133-SJC',
188 verbose headers   'x-cache': 'HIT',
188 verbose headers   'x-cache-hits': '1',
188 verbose headers   'x-timer': 'S1468211040.481568,VS0,VE93',
188 verbose headers   vary: 'Accept-Encoding' }
189 silly get cb [ 200,
189 silly get   { server: 'CouchDB/1.5.0 (Erlang OTP/R16B03)',
189 silly get     etag: '"88CJASVEBP8R2ZGZ1PIWHND25"',
189 silly get     'content-type': 'application/json',
189 silly get     'content-encoding': 'gzip',
189 silly get     'cache-control': 'max-age=300',
189 silly get     'content-length': '7332',
189 silly get     'accept-ranges': 'bytes',
189 silly get     date: 'Mon, 11 Jul 2016 04:24:00 GMT',
189 silly get     via: '1.1 varnish',
189 silly get     age: '0',
189 silly get     connection: 'keep-alive',
189 silly get     'x-served-by': 'cache-sjc3133-SJC',
189 silly get     'x-cache': 'HIT',
189 silly get     'x-cache-hits': '1',
189 silly get     'x-timer': 'S1468211040.481568,VS0,VE93',
189 silly get     vary: 'Accept-Encoding' } ]
190 verbose get saving oauth to /Users/philnguyen/.npm/registry.npmjs.org/oauth/.cache.json
191 silly addNameRange number 2 { name: 'oauth', range: '>=0.9.0 <1.0.0', hasData: true }
192 silly addNameRange versions [ 'oauth',
192 silly addNameRange   [ '0.7.4',
192 silly addNameRange     '0.7.5',
192 silly addNameRange     '0.7.6',
192 silly addNameRange     '0.7.7',
192 silly addNameRange     '0.8.0',
192 silly addNameRange     '0.8.1',
192 silly addNameRange     '0.8.2',
192 silly addNameRange     '0.8.3',
192 silly addNameRange     '0.8.4',
192 silly addNameRange     '0.9.0',
192 silly addNameRange     '0.9.1',
192 silly addNameRange     '0.9.2',
192 silly addNameRange     '0.9.3',
192 silly addNameRange     '0.9.4',
192 silly addNameRange     '0.9.5',
192 silly addNameRange     '0.9.6',
192 silly addNameRange     '0.9.7',
192 silly addNameRange     '0.9.8',
192 silly addNameRange     '0.9.9',
192 silly addNameRange     '0.9.10',
192 silly addNameRange     '0.9.11',
192 silly addNameRange     '0.9.12',
192 silly addNameRange     '0.9.13',
192 silly addNameRange     '0.9.14' ] ]
193 silly addNamed oauth@0.9.14
194 verbose addNamed "0.9.14" is a plain semver version for oauth
195 silly cache afterAdd oauth@0.9.14
196 verbose afterAdd /Users/philnguyen/.npm/oauth/0.9.14/package/package.json not in flight; writing
197 verbose afterAdd /Users/philnguyen/.npm/oauth/0.9.14/package/package.json written
198 silly install resolved [ { name: 'oauth',
198 silly install resolved     description: 'Library for interacting with OAuth 1.0, 1.0A, 2 and Echo.  Provides simplified client access and allows for construction of more complex apis and OAuth providers.',
198 silly install resolved     version: '0.9.14',
198 silly install resolved     directories: { lib: './lib' },
198 silly install resolved     main: 'index.js',
198 silly install resolved     author: { name: 'Ciaran Jessup', email: 'ciaranj@gmail.com' },
198 silly install resolved     repository:
198 silly install resolved      { type: 'git',
198 silly install resolved        url: 'git+ssh://git@github.com/ciaranj/node-oauth.git' },
198 silly install resolved     devDependencies: { vows: '0.5.x' },
198 silly install resolved     scripts: { test: 'make test' },
198 silly install resolved     licenses: [ [Object] ],
198 silly install resolved     gitHead: 'eefd821ea9b010a44ba49afa048a421ea23e7502',
198 silly install resolved     bugs: { url: 'https://github.com/ciaranj/node-oauth/issues' },
198 silly install resolved     homepage: 'https://github.com/ciaranj/node-oauth',
198 silly install resolved     _id: 'oauth@0.9.14',
198 silly install resolved     _shasum: 'c5748883a40b53de30ade9cabf2100414b8a0971',
198 silly install resolved     _from: 'oauth@>=0.9.0 <1.0.0',
198 silly install resolved     _npmVersion: '1.4.28',
198 silly install resolved     _npmUser: { name: 'ciaranj', email: 'ciaranj@gmail.com' },
198 silly install resolved     maintainers: [ [Object] ],
198 silly install resolved     dist:
198 silly install resolved      { shasum: 'c5748883a40b53de30ade9cabf2100414b8a0971',
198 silly install resolved        tarball: 'http://registry.npmjs.org/oauth/-/oauth-0.9.14.tgz' },
198 silly install resolved     _resolved: 'https://registry.npmjs.org/oauth/-/oauth-0.9.14.tgz',
198 silly install resolved     readme: 'ERROR: No README data found!' } ]
199 info install oauth@0.9.14 into /Users/philnguyen/Desktop/Web/uTravel/travel_v2/node_modules/yelp
200 info installOne oauth@0.9.14
201 verbose installOne of oauth to /Users/philnguyen/Desktop/Web/uTravel/travel_v2/node_modules/yelp not in flight; installing
202 verbose lock using /Users/philnguyen/.npm/_locks/oauth-f1761d8404eecd59.lock for /Users/philnguyen/Desktop/Web/uTravel/travel_v2/node_modules/yelp/node_modules/oauth
203 silly install write writing oauth 0.9.14 to /Users/philnguyen/Desktop/Web/uTravel/travel_v2/node_modules/yelp/node_modules/oauth
204 verbose unbuild node_modules/yelp/node_modules/oauth
205 silly gentlyRm /Users/philnguyen/Desktop/Web/uTravel/travel_v2/node_modules/yelp/node_modules/oauth is being purged from base /Users/philnguyen/Desktop/Web/uTravel/travel_v2
206 verbose gentlyRm don't care about contents; nuking /Users/philnguyen/Desktop/Web/uTravel/travel_v2/node_modules/yelp/node_modules/oauth
207 verbose tar unpack /Users/philnguyen/.npm/oauth/0.9.14/package.tgz
208 verbose tar unpacking to /Users/philnguyen/Desktop/Web/uTravel/travel_v2/node_modules/yelp/node_modules/oauth
209 silly gentlyRm /Users/philnguyen/Desktop/Web/uTravel/travel_v2/node_modules/yelp/node_modules/oauth is being purged
210 verbose gentlyRm don't care about contents; nuking /Users/philnguyen/Desktop/Web/uTravel/travel_v2/node_modules/yelp/node_modules/oauth
211 silly gunzTarPerm modes [ '755', '644' ]
212 silly gunzTarPerm extractEntry package.json
213 silly gunzTarPerm extractEntry .npmignore
214 silly gunzTarPerm extractEntry LICENSE
215 silly gunzTarPerm extractEntry index.js
216 silly gunzTarPerm extractEntry examples/github-example.js
217 silly gunzTarPerm extractEntry examples/term.ie.oauth-HMAC-SHA1.js
218 silly gunzTarPerm extractEntry examples/express-gdata/server.js
219 silly gunzTarPerm extractEntry examples/express-gdata/views/google_calendars.ejs
220 silly gunzTarPerm extractEntry examples/express-gdata/views/google_contacts.ejs
221 silly gunzTarPerm extractEntry examples/express-gdata/views/layout.ejs
222 silly gunzTarPerm extractEntry Readme.md
223 silly gunzTarPerm extractEntry lib/_utils.js
224 silly gunzTarPerm extractEntry lib/oauth.js
225 silly gunzTarPerm extractEntry lib/oauth2.js
226 silly gunzTarPerm extractEntry lib/sha1.js
227 silly gunzTarPerm extractEntry Makefile
228 silly gunzTarPerm extractEntry tests/oauth2tests.js
229 silly gunzTarPerm extractEntry tests/oauthtests.js
230 silly gunzTarPerm extractEntry tests/sha1tests.js
231 silly gunzTarPerm extractEntry tests/shared.js
232 verbose write writing to /Users/philnguyen/Desktop/Web/uTravel/travel_v2/node_modules/yelp/node_modules/oauth/package.json
233 info preinstall oauth@0.9.14
234 verbose readDependencies loading dependencies from /Users/philnguyen/Desktop/Web/uTravel/travel_v2/node_modules/yelp/node_modules/oauth/package.json
235 verbose readDependencies loading dependencies from /Users/philnguyen/Desktop/Web/uTravel/travel_v2/node_modules/yelp/node_modules/oauth/package.json
236 silly install resolved []
237 verbose about to build /Users/philnguyen/Desktop/Web/uTravel/travel_v2/node_modules/yelp/node_modules/oauth
238 info build /Users/philnguyen/Desktop/Web/uTravel/travel_v2/node_modules/yelp/node_modules/oauth
239 info linkStuff oauth@0.9.14
240 silly linkStuff oauth@0.9.14 has /Users/philnguyen/Desktop/Web/uTravel/travel_v2/node_modules/yelp/node_modules as its parent node_modules
241 verbose linkBins oauth@0.9.14
242 verbose linkMans oauth@0.9.14
243 verbose rebuildBundles oauth@0.9.14
244 info install oauth@0.9.14
245 info postinstall oauth@0.9.14
246 verbose unlock done using /Users/philnguyen/.npm/_locks/oauth-f1761d8404eecd59.lock for /Users/philnguyen/Desktop/Web/uTravel/travel_v2/node_modules/yelp/node_modules/oauth
247 verbose about to build /Users/philnguyen/Desktop/Web/uTravel/travel_v2/node_modules/yelp
248 info build /Users/philnguyen/Desktop/Web/uTravel/travel_v2/node_modules/yelp
249 info linkStuff yelp@1.0.1
250 silly linkStuff yelp@1.0.1 has /Users/philnguyen/Desktop/Web/uTravel/travel_v2/node_modules as its parent node_modules
251 verbose linkBins yelp@1.0.1
252 verbose linkMans yelp@1.0.1
253 verbose rebuildBundles yelp@1.0.1
254 verbose rebuildBundles [ 'oauth' ]
255 info install yelp@1.0.1
256 info postinstall yelp@1.0.1
257 verbose unlock done using /Users/philnguyen/.npm/_locks/yelp-7665bf99e68ceec4.lock for /Users/philnguyen/Desktop/Web/uTravel/travel_v2/node_modules/yelp
258 info build /Users/philnguyen/Desktop/Web/uTravel/travel_v2
259 info linkStuff travel_v2@1.0.0
260 silly linkStuff travel_v2@1.0.0 has /Users/philnguyen/Desktop/Web/uTravel as its parent node_modules
261 verbose linkBins travel_v2@1.0.0
262 verbose linkMans travel_v2@1.0.0
263 verbose rebuildBundles travel_v2@1.0.0
264 verbose rebuildBundles [ '.bin',
264 verbose rebuildBundles   'angular',
264 verbose rebuildBundles   'angular-google-maps',
264 verbose rebuildBundles   'angular-mocks',
264 verbose rebuildBundles   'angular-route',
264 verbose rebuildBundles   'async',
264 verbose rebuildBundles   'babel-core',
264 verbose rebuildBundles   'bcrypt',
264 verbose rebuildBundles   'body-parser',
264 verbose rebuildBundles   'chai',
264 verbose rebuildBundles   'chai-http',
264 verbose rebuildBundles   'express',
264 verbose rebuildBundles   'gulp',
264 verbose rebuildBundles   'gulp-angular-protractor',
264 verbose rebuildBundles   'gulp-clean-css',
264 verbose rebuildBundles   'gulp-eslint',
264 verbose rebuildBundles   'gulp-minify',
264 verbose rebuildBundles   'gulp-minify-css',
264 verbose rebuildBundles   'gulp-mocha',
264 verbose rebuildBundles   'gulp-sass',
264 verbose rebuildBundles   'gulp-sourcemaps',
264 verbose rebuildBundles   'html-loader',
264 verbose rebuildBundles   'jasmine-core',
264 verbose rebuildBundles   'jsonwebtoken',
264 verbose rebuildBundles   'karma',
264 verbose rebuildBundles   'karma-chrome-launcher',
264 verbose rebuildBundles   'karma-jasmine',
264 verbose rebuildBundles   'karma-mocha-reporter',
264 verbose rebuildBundles   'mongoose',
264 verbose rebuildBundles   'stampit',
264 verbose rebuildBundles   'superagent',
264 verbose rebuildBundles   'webpack',
264 verbose rebuildBundles   'webpack-stream',
264 verbose rebuildBundles   'yelp' ]
265 info install travel_v2@1.0.0
266 verbose unsafe-perm in lifecycle true
267 info travel_v2@1.0.0 Failed to exec install script
268 verbose stack Error: travel_v2@1.0.0 install: `npm run create-db-dir`
268 verbose stack Exit status 1
268 verbose stack     at EventEmitter.<anonymous> (/Users/philnguyen/.nvm/versions/node/v4.2.3/lib/node_modules/npm/lib/utils/lifecycle.js:214:16)
268 verbose stack     at emitTwo (events.js:87:13)
268 verbose stack     at EventEmitter.emit (events.js:172:7)
268 verbose stack     at ChildProcess.<anonymous> (/Users/philnguyen/.nvm/versions/node/v4.2.3/lib/node_modules/npm/lib/utils/spawn.js:24:14)
268 verbose stack     at emitTwo (events.js:87:13)
268 verbose stack     at ChildProcess.emit (events.js:172:7)
268 verbose stack     at maybeClose (internal/child_process.js:818:16)
268 verbose stack     at Process.ChildProcess._handle.onexit (internal/child_process.js:211:5)
269 verbose pkgid travel_v2@1.0.0
270 verbose cwd /Users/philnguyen/Desktop/Web/uTravel/travel_v2
271 error Darwin 15.4.0
272 error argv "/Users/philnguyen/.nvm/versions/node/v4.2.3/bin/node" "/Users/philnguyen/.nvm/versions/node/v4.2.3/bin/npm" "i"
273 error node v4.2.3
274 error npm  v2.14.7
275 error code ELIFECYCLE
276 error travel_v2@1.0.0 install: `npm run create-db-dir`
276 error Exit status 1
277 error Failed at the travel_v2@1.0.0 install script 'npm run create-db-dir'.
277 error This is most likely a problem with the travel_v2 package,
277 error not with npm itself.
277 error Tell the author that this fails on your system:
277 error     npm run create-db-dir
277 error You can get their info via:
277 error     npm owner ls travel_v2
277 error There is likely additional logging output above.
278 verbose exit [ 1, true ]
